<?xml version="1.0" encoding="UTF-8"?>
<robot generator="Robot 4.1 (Python 3.7.0 on win32)" generated="20210905 23:58:16.366" rpa="false" schemaversion="2">
<suite id="s1" name="Firefly CaseStudy1" source="C:\Users\su\Tools\Firefly_CaseStudy1">
<suite id="s1-s1" name="Case2" source="C:\Users\su\Tools\Firefly_CaseStudy1\Case2.robot">
<test id="s1-s1-t1" name="Scenario2">
<kw name="Go to Login Page" library="LoginPage">
<kw name="Open Browser" library="SeleniumLibrary">
<arg>${URL}</arg>
<arg>${Browser}</arg>
<doc>Opens a new browser instance to the optional ``url``.</doc>
<msg timestamp="20210905 23:58:17.211" level="INFO">Opening browser 'Chrome' to base url 'https://hepsiburada.com'.</msg>
<status status="PASS" starttime="20210905 23:58:17.210" endtime="20210905 23:58:38.204"/>
</kw>
<kw name="Set Browser Implicit Wait" library="SeleniumLibrary">
<arg>5</arg>
<doc>Sets the implicit wait value used by Selenium.</doc>
<status status="PASS" starttime="20210905 23:58:38.209" endtime="20210905 23:58:38.262"/>
</kw>
<kw name="Maximize Browser Window" library="SeleniumLibrary">
<doc>Maximizes current browser window.</doc>
<status status="PASS" starttime="20210905 23:58:38.263" endtime="20210905 23:58:39.670"/>
</kw>
<kw name="Sleep" library="BuiltIn">
<arg>3</arg>
<doc>Pauses the test executed for the given time.</doc>
<msg timestamp="20210905 23:58:42.675" level="INFO">Slept 3 seconds</msg>
<status status="PASS" starttime="20210905 23:58:39.673" endtime="20210905 23:58:42.676"/>
</kw>
<kw name="Mouse Over" library="SeleniumLibrary">
<arg>id=myAccount</arg>
<doc>Simulates hovering the mouse over the element ``locator``.</doc>
<msg timestamp="20210905 23:58:42.682" level="INFO">Simulating Mouse Over on element 'id=myAccount'.</msg>
<status status="PASS" starttime="20210905 23:58:42.678" endtime="20210905 23:58:43.072"/>
</kw>
<kw name="Sleep" library="BuiltIn">
<arg>2</arg>
<doc>Pauses the test executed for the given time.</doc>
<msg timestamp="20210905 23:58:45.074" level="INFO">Slept 2 seconds</msg>
<status status="PASS" starttime="20210905 23:58:43.073" endtime="20210905 23:58:45.074"/>
</kw>
<kw name="Click Element" library="SeleniumLibrary">
<arg>id=login</arg>
<doc>Click the element identified by ``locator``.</doc>
<msg timestamp="20210905 23:58:45.077" level="INFO">Clicking element 'id=login'.</msg>
<status status="PASS" starttime="20210905 23:58:45.076" endtime="20210905 23:58:46.573"/>
</kw>
<kw name="Sleep" library="BuiltIn">
<arg>5</arg>
<doc>Pauses the test executed for the given time.</doc>
<msg timestamp="20210905 23:58:51.576" level="INFO">Slept 5 seconds</msg>
<status status="PASS" starttime="20210905 23:58:46.575" endtime="20210905 23:58:51.576"/>
</kw>
<status status="PASS" starttime="20210905 23:58:17.208" endtime="20210905 23:58:51.577"/>
</kw>
<kw name="Complete Login" library="LoginPage">
<kw name="Input Text" library="SeleniumLibrary">
<arg>id=txtUserName</arg>
<arg>${UserName}</arg>
<doc>Types the given ``text`` into the text field identified by ``locator``.</doc>
<msg timestamp="20210905 23:58:51.584" level="INFO">Typing text 'rfw.omer.0921@gmail.com' into text field 'id=txtUserName'.</msg>
<status status="PASS" starttime="20210905 23:58:51.582" endtime="20210905 23:58:53.171"/>
</kw>
<kw name="Sleep" library="BuiltIn">
<arg>2</arg>
<doc>Pauses the test executed for the given time.</doc>
<msg timestamp="20210905 23:58:55.176" level="INFO">Slept 2 seconds</msg>
<status status="PASS" starttime="20210905 23:58:53.172" endtime="20210905 23:58:55.178"/>
</kw>
<kw name="Input Text" library="SeleniumLibrary">
<arg>id=txtPassword</arg>
<arg>${Password}</arg>
<doc>Types the given ``text`` into the text field identified by ``locator``.</doc>
<msg timestamp="20210905 23:58:55.183" level="INFO">Typing text 'Rfw.omer0921' into text field 'id=txtPassword'.</msg>
<status status="PASS" starttime="20210905 23:58:55.180" endtime="20210905 23:58:56.078"/>
</kw>
<kw name="Sleep" library="BuiltIn">
<arg>2</arg>
<doc>Pauses the test executed for the given time.</doc>
<msg timestamp="20210905 23:58:58.080" level="INFO">Slept 2 seconds</msg>
<status status="PASS" starttime="20210905 23:58:56.079" endtime="20210905 23:58:58.080"/>
</kw>
<kw name="Click Element" library="SeleniumLibrary">
<arg>id=btnLogin</arg>
<doc>Click the element identified by ``locator``.</doc>
<msg timestamp="20210905 23:58:58.083" level="INFO">Clicking element 'id=btnLogin'.</msg>
<status status="PASS" starttime="20210905 23:58:58.081" endtime="20210905 23:58:58.344"/>
</kw>
<kw name="Sleep" library="BuiltIn">
<arg>5</arg>
<doc>Pauses the test executed for the given time.</doc>
<msg timestamp="20210905 23:59:03.347" level="INFO">Slept 5 seconds</msg>
<status status="PASS" starttime="20210905 23:58:58.346" endtime="20210905 23:59:03.348"/>
</kw>
<status status="PASS" starttime="20210905 23:58:51.579" endtime="20210905 23:59:03.351"/>
</kw>
<kw name="Search Product" library="SearchProduct">
<kw name="Click Element" library="SeleniumLibrary">
<arg>xpath://*[@class='desktopOldAutosuggestTheme-container']</arg>
<doc>Click the element identified by ``locator``.</doc>
<msg timestamp="20210905 23:59:03.356" level="INFO">Clicking element 'xpath://*[@class='desktopOldAutosuggestTheme-container']'.</msg>
<status status="PASS" starttime="20210905 23:59:03.354" endtime="20210905 23:59:13.575"/>
</kw>
<kw name="Sleep" library="BuiltIn">
<arg>1</arg>
<doc>Pauses the test executed for the given time.</doc>
<msg timestamp="20210905 23:59:14.578" level="INFO">Slept 1 second</msg>
<status status="PASS" starttime="20210905 23:59:13.576" endtime="20210905 23:59:14.579"/>
</kw>
<kw name="Input Text" library="SeleniumLibrary">
<arg>xpath://*[@class='desktopOldAutosuggestTheme-input']</arg>
<arg>bluetooth kulaklik</arg>
<doc>Types the given ``text`` into the text field identified by ``locator``.</doc>
<msg timestamp="20210905 23:59:14.581" level="INFO">Typing text 'bluetooth kulaklik' into text field 'xpath://*[@class='desktopOldAutosuggestTheme-input']'.</msg>
<status status="PASS" starttime="20210905 23:59:14.580" endtime="20210905 23:59:15.118"/>
</kw>
<kw name="Sleep" library="BuiltIn">
<arg>1</arg>
<doc>Pauses the test executed for the given time.</doc>
<msg timestamp="20210905 23:59:16.121" level="INFO">Slept 1 second</msg>
<status status="PASS" starttime="20210905 23:59:15.120" endtime="20210905 23:59:16.121"/>
</kw>
<kw name="Click Element" library="SeleniumLibrary">
<arg>xpath://*[@class='SearchBoxOld-buttonContainer']</arg>
<doc>Click the element identified by ``locator``.</doc>
<msg timestamp="20210905 23:59:16.125" level="INFO">Clicking element 'xpath://*[@class='SearchBoxOld-buttonContainer']'.</msg>
<status status="PASS" starttime="20210905 23:59:16.123" endtime="20210905 23:59:17.274"/>
</kw>
<kw name="Sleep" library="BuiltIn">
<arg>3</arg>
<doc>Pauses the test executed for the given time.</doc>
<msg timestamp="20210905 23:59:20.277" level="INFO">Slept 3 seconds</msg>
<status status="PASS" starttime="20210905 23:59:17.275" endtime="20210905 23:59:20.280"/>
</kw>
<status status="PASS" starttime="20210905 23:59:03.352" endtime="20210905 23:59:20.282"/>
</kw>
<kw name="Filter Product" library="SearchProduct">
<kw name="Click Element" library="SeleniumLibrary">
<arg>xpath://*[@class='SearchBoxOld-buttonContainer']</arg>
<doc>Click the element identified by ``locator``.</doc>
<msg timestamp="20210905 23:59:20.289" level="INFO">Clicking element 'xpath://*[@class='SearchBoxOld-buttonContainer']'.</msg>
<status status="PASS" starttime="20210905 23:59:20.286" endtime="20210905 23:59:29.956"/>
</kw>
<kw name="Sleep" library="BuiltIn">
<arg>3</arg>
<doc>Pauses the test executed for the given time.</doc>
<msg timestamp="20210905 23:59:32.960" level="INFO">Slept 3 seconds</msg>
<status status="PASS" starttime="20210905 23:59:29.958" endtime="20210905 23:59:32.960"/>
</kw>
<kw name="Scroll Element Into View" library="SeleniumLibrary">
<arg>xpath://*[@class='box-container brand']</arg>
<doc>Scrolls the element identified by ``locator`` into view.</doc>
<status status="PASS" starttime="20210905 23:59:32.962" endtime="20210905 23:59:40.234"/>
</kw>
<kw name="Sleep" library="BuiltIn">
<arg>3</arg>
<doc>Pauses the test executed for the given time.</doc>
<msg timestamp="20210905 23:59:43.236" level="INFO">Slept 3 seconds</msg>
<status status="PASS" starttime="20210905 23:59:40.235" endtime="20210905 23:59:43.237"/>
</kw>
<kw name="Click Element" library="SeleniumLibrary">
<arg>xpath://*[@class='range-contain-row left full']</arg>
<doc>Click the element identified by ``locator``.</doc>
<msg timestamp="20210905 23:59:43.241" level="INFO">Clicking element 'xpath://*[@class='range-contain-row left full']'.</msg>
<status status="PASS" starttime="20210905 23:59:43.239" endtime="20210905 23:59:43.616"/>
</kw>
<kw name="Sleep" library="BuiltIn">
<arg>1</arg>
<doc>Pauses the test executed for the given time.</doc>
<msg timestamp="20210905 23:59:44.620" level="INFO">Slept 1 second</msg>
<status status="PASS" starttime="20210905 23:59:43.617" endtime="20210905 23:59:44.621"/>
</kw>
<kw name="Input Text" library="SeleniumLibrary">
<arg>xpath://*[@class='input free' and @placeholder='Marka ara']</arg>
<arg>JBL</arg>
<doc>Types the given ``text`` into the text field identified by ``locator``.</doc>
<msg timestamp="20210905 23:59:44.627" level="INFO">Typing text 'JBL' into text field 'xpath://*[@class='input free' and @placeholder='Marka ara']'.</msg>
<status status="PASS" starttime="20210905 23:59:44.624" endtime="20210905 23:59:45.615"/>
</kw>
<kw name="Sleep" library="BuiltIn">
<arg>3</arg>
<doc>Pauses the test executed for the given time.</doc>
<msg timestamp="20210905 23:59:48.619" level="INFO">Slept 3 seconds</msg>
<status status="PASS" starttime="20210905 23:59:45.617" endtime="20210905 23:59:48.620"/>
</kw>
<kw name="Click Element" library="SeleniumLibrary">
<arg>xpath://*[text()='JBL']</arg>
<doc>Click the element identified by ``locator``.</doc>
<msg timestamp="20210905 23:59:48.623" level="INFO">Clicking element 'xpath://*[text()='JBL']'.</msg>
<status status="PASS" starttime="20210905 23:59:48.621" endtime="20210905 23:59:58.404"/>
</kw>
<kw name="Sleep" library="BuiltIn">
<arg>3</arg>
<doc>Pauses the test executed for the given time.</doc>
<msg timestamp="20210906 00:00:01.409" level="INFO">Slept 3 seconds</msg>
<status status="PASS" starttime="20210905 23:59:58.405" endtime="20210906 00:00:01.410"/>
</kw>
<kw name="Scroll Element Into View" library="SeleniumLibrary">
<arg>xpath://*[@class='box-container fiyat']</arg>
<doc>Scrolls the element identified by ``locator`` into view.</doc>
<status status="PASS" starttime="20210906 00:00:01.411" endtime="20210906 00:00:01.872"/>
</kw>
<kw name="Sleep" library="BuiltIn">
<arg>3</arg>
<doc>Pauses the test executed for the given time.</doc>
<msg timestamp="20210906 00:00:04.875" level="INFO">Slept 3 seconds</msg>
<status status="PASS" starttime="20210906 00:00:01.874" endtime="20210906 00:00:04.876"/>
</kw>
<kw name="Click Element" library="SeleniumLibrary">
<arg>xpath://*[@title='750 - 1000 TL']</arg>
<doc>Click the element identified by ``locator``.</doc>
<msg timestamp="20210906 00:00:04.882" level="INFO">Clicking element 'xpath://*[@title='750 - 1000 TL']'.</msg>
<status status="PASS" starttime="20210906 00:00:04.878" endtime="20210906 00:00:13.269"/>
</kw>
<kw name="Sleep" library="BuiltIn">
<arg>2</arg>
<doc>Pauses the test executed for the given time.</doc>
<msg timestamp="20210906 00:00:15.273" level="INFO">Slept 2 seconds</msg>
<status status="PASS" starttime="20210906 00:00:13.270" endtime="20210906 00:00:15.274"/>
</kw>
<kw name="Scroll Element Into View" library="SeleniumLibrary">
<arg>xpath://*[@class='box-container color-palette renk']</arg>
<doc>Scrolls the element identified by ``locator`` into view.</doc>
<status status="PASS" starttime="20210906 00:00:15.278" endtime="20210906 00:00:16.962"/>
</kw>
<kw name="Sleep" library="BuiltIn">
<arg>2</arg>
<doc>Pauses the test executed for the given time.</doc>
<msg timestamp="20210906 00:00:18.966" level="INFO">Slept 2 seconds</msg>
<status status="PASS" starttime="20210906 00:00:16.964" endtime="20210906 00:00:18.967"/>
</kw>
<kw name="Click Element" library="SeleniumLibrary">
<arg>xpath://label[@for='attr-renk-Siyah']</arg>
<doc>Click the element identified by ``locator``.</doc>
<msg timestamp="20210906 00:00:18.970" level="INFO">Clicking element 'xpath://label[@for='attr-renk-Siyah']'.</msg>
<status status="PASS" starttime="20210906 00:00:18.968" endtime="20210906 00:00:26.490"/>
</kw>
<kw name="Sleep" library="BuiltIn">
<arg>3</arg>
<doc>Pauses the test executed for the given time.</doc>
<msg timestamp="20210906 00:00:29.495" level="INFO">Slept 3 seconds</msg>
<status status="PASS" starttime="20210906 00:00:26.492" endtime="20210906 00:00:29.496"/>
</kw>
<status status="PASS" starttime="20210905 23:59:20.283" endtime="20210906 00:00:29.497"/>
</kw>
<kw name="Select Headset Product" library="LikeComment">
<kw name="Click Element" library="SeleniumLibrary">
<arg>xpath://*[@data-productid='HB000012EPY6']//*[@class='product-detail']</arg>
<doc>Click the element identified by ``locator``.</doc>
<msg timestamp="20210906 00:00:29.501" level="INFO">Clicking element 'xpath://*[@data-productid='HB000012EPY6']//*[@class='product-detail']'.</msg>
<status status="PASS" starttime="20210906 00:00:29.500" endtime="20210906 00:00:39.373"/>
</kw>
<kw name="Sleep" library="BuiltIn">
<arg>3</arg>
<doc>Pauses the test executed for the given time.</doc>
<msg timestamp="20210906 00:00:42.380" level="INFO">Slept 3 seconds</msg>
<status status="PASS" starttime="20210906 00:00:39.375" endtime="20210906 00:00:42.381"/>
</kw>
<kw name="Click Element" library="SeleniumLibrary">
<arg>id=reviewsTabTrigger</arg>
<doc>Click the element identified by ``locator``.</doc>
<msg timestamp="20210906 00:00:42.385" level="INFO">Clicking element 'id=reviewsTabTrigger'.</msg>
<status status="PASS" starttime="20210906 00:00:42.383" endtime="20210906 00:00:46.548"/>
</kw>
<kw name="Sleep" library="BuiltIn">
<arg>2</arg>
<doc>Pauses the test executed for the given time.</doc>
<msg timestamp="20210906 00:00:48.553" level="INFO">Slept 2 seconds</msg>
<status status="PASS" starttime="20210906 00:00:46.549" endtime="20210906 00:00:48.553"/>
</kw>
<status status="PASS" starttime="20210906 00:00:29.498" endtime="20210906 00:00:48.555"/>
</kw>
<kw name="Like Comment" library="LikeComment">
<kw name="Click Element" library="SeleniumLibrary">
<arg>id=productReviewsTab</arg>
<doc>Click the element identified by ``locator``.</doc>
<msg timestamp="20210906 00:00:48.561" level="INFO">Clicking element 'id=productReviewsTab'.</msg>
<status status="PASS" starttime="20210906 00:00:48.559" endtime="20210906 00:00:48.848"/>
</kw>
<kw name="Sleep" library="BuiltIn">
<arg>2</arg>
<doc>Pauses the test executed for the given time.</doc>
<msg timestamp="20210906 00:00:50.850" level="INFO">Slept 2 seconds</msg>
<status status="PASS" starttime="20210906 00:00:48.849" endtime="20210906 00:00:50.851"/>
</kw>
<kw name="Click Element" library="SeleniumLibrary">
<arg>xpath:(//*[@class='hermes-ReviewCard-module-1lb7d'])[1]</arg>
<doc>Click the element identified by ``locator``.</doc>
<msg timestamp="20210906 00:00:50.854" level="INFO">Clicking element 'xpath:(//*[@class='hermes-ReviewCard-module-1lb7d'])[1]'.</msg>
<status status="PASS" starttime="20210906 00:00:50.852" endtime="20210906 00:00:51.221"/>
</kw>
<kw name="Sleep" library="BuiltIn">
<arg>2</arg>
<doc>Pauses the test executed for the given time.</doc>
<msg timestamp="20210906 00:00:53.225" level="INFO">Slept 2 seconds</msg>
<status status="PASS" starttime="20210906 00:00:51.223" endtime="20210906 00:00:53.225"/>
</kw>
<kw name="Close Browser" library="SeleniumLibrary">
<doc>Closes the current browser.</doc>
<status status="PASS" starttime="20210906 00:00:53.226" endtime="20210906 00:00:56.045"/>
</kw>
<status status="PASS" starttime="20210906 00:00:48.557" endtime="20210906 00:00:56.046"/>
</kw>
<status status="PASS" starttime="20210905 23:58:17.205" endtime="20210906 00:00:56.048"/>
</test>
<status status="PASS" starttime="20210905 23:58:16.537" endtime="20210906 00:00:56.053"/>
</suite>
<status status="PASS" starttime="20210905 23:58:16.448" endtime="20210906 00:00:56.064"/>
</suite>
<statistics>
<total>
<stat pass="1" fail="0" skip="0">All Tests</stat>
</total>
<tag>
</tag>
<suite>
<stat pass="1" fail="0" skip="0" id="s1" name="Firefly CaseStudy1">Firefly CaseStudy1</stat>
<stat pass="1" fail="0" skip="0" id="s1-s1" name="Case2">Firefly CaseStudy1.Case2</stat>
</suite>
</statistics>
<errors>
</errors>
</robot>
